2021-01-30 23:47:19,062 DEBUG    root            Loaded Command Group: ['gcloud', 'version']
2021-01-30 23:47:19,066 DEBUG    root            Running [gcloud.version] with arguments: [--format: "json"]
2021-01-30 23:47:19,127 INFO     root            Display format: "flattened[no-pad,separator=" "] json"
2021-01-30 23:47:19,353 INFO     ___FILE_ONLY___ {
  "Google Cloud SDK": "325.0.0",
  "alpha": "2021.01.22",
  "app-engine-go": "1.9.71",
  "app-engine-java": "1.9.84",
  "app-engine-python": "1.9.91",
  "app-engine-python-extras": "1.9.91",
  "beta": "2021.01.22",
  "bigtable": "",
  "bq": "2.0.64",
  "cbt": "0.9.0",
  "cloud-build-local": "0.5.2",
  "cloud-datastore-emulator": "2.1.0",
  "core": "2021.01.22",
  "datalab": "20190610",
  "gsutil": "4.58",
  "kind": "0.7.0",
  "kpt": "0.37.1",
  "minikube": "1.15.1",
  "pubsub-emulator": "0.2.0",
  "skaffold": "1.17.2"
}
2021-01-30 23:47:19,370 INFO     ___FILE_ONLY___ 

